#
# A fatal error has been detected by the Java Runtime Environment:
#
#  Internal Error (classFileParser.cpp:610), pid=18368, tid=8684
#  fatal error: bad constant pool tag value 70
#
# JRE version: Java(TM) SE Runtime Environment (16.0.1+9) (build 16.0.1+9-24)
# Java VM: Java HotSpot(TM) 64-Bit Server VM (16.0.1+9-24, mixed mode, sharing, tiered, compressed oops, compressed class ptrs, g1 gc, windows-amd64)
# No core dump will be written. Minidumps are not enabled by default on client versions of Windows
#
# If you would like to submit a bug report, please visit:
#   https://bugreport.java.com/bugreport/crash.jsp
#

---------------  S U M M A R Y ------------

Command Line: -Dfile.encoding=UTF-8 -XX:+ShowCodeDetailsInExceptionMessages HRMSProject.HRMS.HrmsApplication

Host: Intel(R) Core(TM) i5-8250U CPU @ 1.60GHz, 8 cores, 11G,  Windows 10 , 64 bit Build 18362 (10.0.18362.1500)
Time: Wed Jun 16 14:29:14 2021 Türkiye Standart Saati elapsed time: 7.792179 seconds (0d 0h 0m 7s)

---------------  T H R E A D  ---------------

Current thread (0x000001e4731b4ef0):  JavaThread "restartedMain" [_thread_in_vm, id=8684, stack(0x000000741b700000,0x000000741b800000)]

Stack: [0x000000741b700000,0x000000741b800000]
Native frames: (J=compiled Java code, j=interpreted, Vv=VM code, C=native code)
V  [jvm.dll+0x6687ca]
V  [jvm.dll+0x7ca3c9]
V  [jvm.dll+0x7cbb53]
V  [jvm.dll+0x7cc167]
V  [jvm.dll+0x242c03]
V  [jvm.dll+0x1e54f3]
V  [jvm.dll+0x1ea568]
V  [jvm.dll+0x1df8a1]
V  [jvm.dll+0x536728]
V  [jvm.dll+0x743011]
V  [jvm.dll+0x40775f]
V  [jvm.dll+0x40da82]
C  [java.dll+0x17c8]

Java frames: (J=compiled Java code, j=interpreted, Vv=VM code)
J 1075  java.lang.ClassLoader.defineClass1(Ljava/lang/ClassLoader;Ljava/lang/String;[BIILjava/security/ProtectionDomain;Ljava/lang/String;)Ljava/lang/Class; java.base@16.0.1 (0 bytes) @ 0x000001e45f94048b [0x000001e45f9403c0+0x00000000000000cb]
J 1091 c1 java.lang.ClassLoader.defineClass(Ljava/lang/String;[BIILjava/security/ProtectionDomain;)Ljava/lang/Class; java.base@16.0.1 (43 bytes) @ 0x000001e4585b83e4 [0x000001e4585b8080+0x0000000000000364]
J 1233 c1 java.security.SecureClassLoader.defineClass(Ljava/lang/String;[BIILjava/security/CodeSource;)Ljava/lang/Class; java.base@16.0.1 (16 bytes) @ 0x000001e4585eaf8c [0x000001e4585eaec0+0x00000000000000cc]
J 1081 c1 jdk.internal.loader.BuiltinClassLoader.defineClass(Ljava/lang/String;Ljdk/internal/loader/Resource;)Ljava/lang/Class; java.base@16.0.1 (121 bytes) @ 0x000001e4585b215c [0x000001e4585b11a0+0x0000000000000fbc]
J 762 c1 jdk.internal.loader.BuiltinClassLoader.findClassOnClassPathOrNull(Ljava/lang/String;)Ljava/lang/Class; java.base@16.0.1 (64 bytes) @ 0x000001e4584fa484 [0x000001e4584f93e0+0x00000000000010a4]
J 3850 c1 jdk.internal.loader.BuiltinClassLoader.loadClassOrNull(Ljava/lang/String;Z)Ljava/lang/Class; java.base@16.0.1 (143 bytes) @ 0x000001e458be3e8c [0x000001e458be2f40+0x0000000000000f4c]
J 738 c1 jdk.internal.loader.ClassLoaders$AppClassLoader.loadClass(Ljava/lang/String;Z)Ljava/lang/Class; java.base@16.0.1 (40 bytes) @ 0x000001e4584e3c14 [0x000001e4584e35e0+0x0000000000000634]
J 737 c1 java.lang.ClassLoader.loadClass(Ljava/lang/String;)Ljava/lang/Class; java.base@16.0.1 (7 bytes) @ 0x000001e4584e324c [0x000001e4584e3140+0x000000000000010c]
v  ~StubRoutines::call_stub
j  org.apache.tomcat.util.buf.B2CConverter.<clinit>()V+8
v  ~StubRoutines::call_stub
j  org.apache.catalina.connector.Connector.setURIEncoding(Ljava/lang/String;)V+1
j  org.springframework.boot.web.embedded.tomcat.TomcatServletWebServerFactory.customizeConnector(Lorg/apache/catalina/connector/Connector;)V+79
j  org.springframework.boot.web.embedded.tomcat.TomcatServletWebServerFactory.getWebServer([Lorg/springframework/boot/web/servlet/ServletContextInitializer;)Lorg/springframework/boot/web/server/WebServer;+80
j  org.springframework.boot.web.servlet.context.ServletWebServerApplicationContext.createWebServer()V+67
j  org.springframework.boot.web.servlet.context.ServletWebServerApplicationContext.onRefresh()V+5
j  org.springframework.context.support.AbstractApplicationContext.refresh()V+77
j  org.springframework.boot.web.servlet.context.ServletWebServerApplicationContext.refresh()V+1
j  org.springframework.boot.SpringApplication.refresh(Lorg/springframework/context/ConfigurableApplicationContext;)V+1
j  org.springframework.boot.SpringApplication.refreshContext(Lorg/springframework/context/ConfigurableApplicationContext;)V+19
j  org.springframework.boot.SpringApplication.run([Ljava/lang/String;)Lorg/springframework/context/ConfigurableApplicationContext;+111
j  org.springframework.boot.SpringApplication.run([Ljava/lang/Class;[Ljava/lang/String;)Lorg/springframework/context/ConfigurableApplicationContext;+9
j  org.springframework.boot.SpringApplication.run(Ljava/lang/Class;[Ljava/lang/String;)Lorg/springframework/context/ConfigurableApplicationContext;+9
j  HRMSProject.HRMS.HrmsApplication.main([Ljava/lang/String;)V+3
v  ~StubRoutines::call_stub
j  jdk.internal.reflect.NativeMethodAccessorImpl.invoke0(Ljava/lang/reflect/Method;Ljava/lang/Object;[Ljava/lang/Object;)Ljava/lang/Object;+0 java.base@16.0.1
j  jdk.internal.reflect.NativeMethodAccessorImpl.invoke(Ljava/lang/Object;[Ljava/lang/Object;)Ljava/lang/Object;+146 java.base@16.0.1
j  jdk.internal.reflect.DelegatingMethodAccessorImpl.invoke(Ljava/lang/Object;[Ljava/lang/Object;)Ljava/lang/Object;+6 java.base@16.0.1
j  java.lang.reflect.Method.invoke(Ljava/lang/Object;[Ljava/lang/Object;)Ljava/lang/Object;+59 java.base@16.0.1
j  org.springframework.boot.devtools.restart.RestartLauncher.run()V+42
v  ~StubRoutines::call_stub

---------------  P R O C E S S  ---------------

Threads class SMR info:
_java_thread_list=0x000001e4739be360, length=16, elements={
0x000001e4507052e0, 0x000001e46ebcb3f0, 0x000001e46ebcc680, 0x000001e46ebe0fb0,
0x000001e46ebe1bb0, 0x000001e46ebe4a90, 0x000001e46ebef2f0, 0x000001e46ebf7f20,
0x000001e46ebf9540, 0x000001e46ec03e70, 0x000001e471635d80, 0x000001e471636590,
0x000001e4728dd4a0, 0x000001e4731b4ef0, 0x000001e473656150, 0x000001e474d40770
}

Java Threads: ( => current thread )
  0x000001e4507052e0 JavaThread "main" [_thread_blocked, id=3352, stack(0x0000007419d00000,0x0000007419e00000)]
  0x000001e46ebcb3f0 JavaThread "Reference Handler" daemon [_thread_blocked, id=20484, stack(0x000000741a400000,0x000000741a500000)]
  0x000001e46ebcc680 JavaThread "Finalizer" daemon [_thread_blocked, id=13216, stack(0x000000741a500000,0x000000741a600000)]
  0x000001e46ebe0fb0 JavaThread "Signal Dispatcher" daemon [_thread_blocked, id=17640, stack(0x000000741a600000,0x000000741a700000)]
  0x000001e46ebe1bb0 JavaThread "Attach Listener" daemon [_thread_blocked, id=11228, stack(0x000000741a700000,0x000000741a800000)]
  0x000001e46ebe4a90 JavaThread "Service Thread" daemon [_thread_blocked, id=16088, stack(0x000000741a800000,0x000000741a900000)]
  0x000001e46ebef2f0 JavaThread "Monitor Deflation Thread" daemon [_thread_blocked, id=16032, stack(0x000000741a900000,0x000000741aa00000)]
  0x000001e46ebf7f20 JavaThread "C2 CompilerThread0" daemon [_thread_blocked, id=7500, stack(0x000000741aa00000,0x000000741ab00000)]
  0x000001e46ebf9540 JavaThread "C1 CompilerThread0" daemon [_thread_blocked, id=14352, stack(0x000000741ab00000,0x000000741ac00000)]
  0x000001e46ec03e70 JavaThread "Sweeper thread" daemon [_thread_blocked, id=21148, stack(0x000000741ac00000,0x000000741ad00000)]
  0x000001e471635d80 JavaThread "Notification Thread" daemon [_thread_blocked, id=11376, stack(0x000000741ad00000,0x000000741ae00000)]
  0x000001e471636590 JavaThread "Common-Cleaner" daemon [_thread_blocked, id=15112, stack(0x000000741af00000,0x000000741b000000)]
  0x000001e4728dd4a0 JavaThread "Thread-0" [_thread_blocked, id=17264, stack(0x000000741b100000,0x000000741b200000)]
=>0x000001e4731b4ef0 JavaThread "restartedMain" [_thread_in_vm, id=8684, stack(0x000000741b700000,0x000000741b800000)]
  0x000001e473656150 JavaThread "C2 CompilerThread1" daemon [_thread_blocked, id=2204, stack(0x000000741b000000,0x000000741b100000)]
  0x000001e474d40770 JavaThread "C2 CompilerThread2" daemon [_thread_in_native, id=17416, stack(0x000000741b900000,0x000000741ba00000)]

Other Threads:
  0x000001e46ebc83e0 VMThread "VM Thread" [stack: 0x000000741a300000,0x000000741a400000] [id=18704]
  0x000001e4716362a0 WatcherThread [stack: 0x000000741ae00000,0x000000741af00000] [id=4680]
  0x000001e4507497a0 GCTaskThread "GC Thread#0" [stack: 0x0000007419e00000,0x0000007419f00000] [id=18796]
  0x000001e472ec0db0 GCTaskThread "GC Thread#1" [stack: 0x000000741b200000,0x000000741b300000] [id=2460]
  0x000001e472f59180 GCTaskThread "GC Thread#2" [stack: 0x000000741b300000,0x000000741b400000] [id=8224]
  0x000001e472f59490 GCTaskThread "GC Thread#3" [stack: 0x000000741b400000,0x000000741b500000] [id=13556]
  0x000001e472906d00 GCTaskThread "GC Thread#4" [stack: 0x000000741b500000,0x000000741b600000] [id=17896]
  0x000001e472eb4ad0 GCTaskThread "GC Thread#5" [stack: 0x000000741b600000,0x000000741b700000] [id=20144]
  0x000001e473bcec80 GCTaskThread "GC Thread#6" [stack: 0x000000741ba00000,0x000000741bb00000] [id=18204]
  0x000001e475bbd430 GCTaskThread "GC Thread#7" [stack: 0x000000741bb00000,0x000000741bc00000] [id=11360]
  0x000001e46ea46e80 ConcurrentGCThread "G1 Main Marker" [stack: 0x0000007419f00000,0x000000741a000000] [id=22280]
  0x000001e46ea47970 ConcurrentGCThread "G1 Conc#0" [stack: 0x000000741a000000,0x000000741a100000] [id=2688]
  0x000001e4753116f0 ConcurrentGCThread "G1 Conc#1" [stack: 0x000000741b800000,0x000000741b900000] [id=17328]
  0x000001e45074e830 ConcurrentGCThread "G1 Refine#0" [stack: 0x000000741a100000,0x000000741a200000] [id=1652]
  0x000001e46eafd4e0 ConcurrentGCThread "G1 Service" [stack: 0x000000741a200000,0x000000741a300000] [id=22316]

Threads with active compile tasks:
C2 CompilerThread2     7862 3963       4       java.lang.invoke.MethodType::makeImpl (108 bytes)

VM state: not at safepoint (normal execution)

VM Mutex/Monitor currently owned by a thread: None

Heap address: 0x0000000741e00000, size: 3042 MB, Compressed Oops mode: Zero based, Oop shift amount: 3

CDS archive(s) mapped at: [0x0000000800000000-0x0000000800bb0000-0x0000000800bb0000), size 12255232, SharedBaseAddress: 0x0000000800000000, ArchiveRelocationMode: 0.
Compressed class space mapped at: 0x0000000800c00000-0x0000000840c00000, reserved size: 1073741824
Narrow klass base: 0x0000000800000000, Narrow klass shift: 3, Narrow klass range: 0x100000000

GC Precious Log:
 CPUs: 8 total, 8 available
 Memory: 12162M
 Large Page Support: Disabled
 NUMA Support: Disabled
 Compressed Oops: Enabled (Zero based)
 Heap Region Size: 2M
 Heap Min Capacity: 8M
 Heap Initial Capacity: 192M
 Heap Max Capacity: 3042M
 Pre-touch: Disabled
 Parallel Workers: 8
 Concurrent Workers: 2
 Concurrent Refinement Workers: 8
 Periodic GC: Disabled

Heap:
 garbage-first heap   total 55296K, used 26806K [0x0000000741e00000, 0x0000000800000000)
  region size 2048K, 9 young (18432K), 2 survivors (4096K)
 Metaspace       used 26813K, committed 27072K, reserved 1073152K
  class space    used 3321K, committed 3456K, reserved 1048576K

Heap Regions: E=young(eden), S=young(survivor), O=old, HS=humongous(starts), HC=humongous(continues), CS=collection set, F=free, OA=open archive, CA=closed archive, TAMS=top-at-mark-start (previous, next)
|   0|0x0000000741e00000, 0x0000000742000000, 0x0000000742000000|100%| O|  |TAMS 0x0000000742000000, 0x0000000741e00000| Untracked 
|   1|0x0000000742000000, 0x0000000742200000, 0x0000000742200000|100%| O|  |TAMS 0x0000000742200000, 0x0000000742000000| Untracked 
|   2|0x0000000742200000, 0x00000007423be200, 0x0000000742400000| 87%| O|  |TAMS 0x00000007423be200, 0x0000000742200000| Untracked 
|   3|0x0000000742400000, 0x0000000742600000, 0x0000000742600000|100%| O|  |TAMS 0x0000000742400000, 0x0000000742400000| Untracked 
|   4|0x0000000742600000, 0x0000000742800000, 0x0000000742800000|100%| O|  |TAMS 0x0000000742600000, 0x0000000742600000| Untracked 
|   5|0x0000000742800000, 0x000000074286f600, 0x0000000742a00000| 21%| O|  |TAMS 0x0000000742800000, 0x0000000742800000| Untracked 
|   6|0x0000000742a00000, 0x0000000742a00000, 0x0000000742c00000|  0%| F|  |TAMS 0x0000000742a00000, 0x0000000742a00000| Untracked 
|   7|0x0000000742c00000, 0x0000000742c00000, 0x0000000742e00000|  0%| F|  |TAMS 0x0000000742c00000, 0x0000000742c00000| Untracked 
|   8|0x0000000742e00000, 0x0000000742e00000, 0x0000000743000000|  0%| F|  |TAMS 0x0000000742e00000, 0x0000000742e00000| Untracked 
|   9|0x0000000743000000, 0x0000000743200000, 0x0000000743200000|100%| S|CS|TAMS 0x0000000743000000, 0x0000000743000000| Complete 
|  10|0x0000000743200000, 0x0000000743400000, 0x0000000743400000|100%| S|CS|TAMS 0x0000000743200000, 0x0000000743200000| Complete 
|  11|0x0000000743400000, 0x0000000743400000, 0x0000000743600000|  0%| F|  |TAMS 0x0000000743400000, 0x0000000743400000| Untracked 
|  12|0x0000000743600000, 0x0000000743600000, 0x0000000743800000|  0%| F|  |TAMS 0x0000000743600000, 0x0000000743600000| Untracked 
|  13|0x0000000743800000, 0x0000000743800000, 0x0000000743a00000|  0%| F|  |TAMS 0x0000000743800000, 0x0000000743800000| Untracked 
|  14|0x0000000743a00000, 0x0000000743a00000, 0x0000000743c00000|  0%| F|  |TAMS 0x0000000743a00000, 0x0000000743a00000| Untracked 
|  15|0x0000000743c00000, 0x0000000743c00000, 0x0000000743e00000|  0%| F|  |TAMS 0x0000000743c00000, 0x0000000743c00000| Untracked 
|  16|0x0000000743e00000, 0x0000000743e00000, 0x0000000744000000|  0%| F|  |TAMS 0x0000000743e00000, 0x0000000743e00000| Untracked 
|  17|0x0000000744000000, 0x0000000744000000, 0x0000000744200000|  0%| F|  |TAMS 0x0000000744000000, 0x0000000744000000| Untracked 
|  18|0x0000000744200000, 0x0000000744200000, 0x0000000744400000|  0%| F|  |TAMS 0x0000000744200000, 0x0000000744200000| Untracked 
|  19|0x0000000744400000, 0x0000000744400000, 0x0000000744600000|  0%| F|  |TAMS 0x0000000744400000, 0x0000000744400000| Untracked 
|  20|0x0000000744600000, 0x00000007446058d0, 0x0000000744800000|  1%| E|  |TAMS 0x0000000744600000, 0x0000000744600000| Complete 
|  21|0x0000000744800000, 0x0000000744a00000, 0x0000000744a00000|100%| E|CS|TAMS 0x0000000744800000, 0x0000000744800000| Complete 
|  71|0x000000074ac00000, 0x000000074ae00000, 0x000000074ae00000|100%| E|CS|TAMS 0x000000074ac00000, 0x000000074ac00000| Complete 
|  72|0x000000074ae00000, 0x000000074b000000, 0x000000074b000000|100%| E|CS|TAMS 0x000000074ae00000, 0x000000074ae00000| Complete 
|  73|0x000000074b000000, 0x000000074b200000, 0x000000074b200000|100%| E|CS|TAMS 0x000000074b000000, 0x000000074b000000| Complete 
|  74|0x000000074b200000, 0x000000074b400000, 0x000000074b400000|100%| E|CS|TAMS 0x000000074b200000, 0x000000074b200000| Complete 
|  95|0x000000074dc00000, 0x000000074de00000, 0x000000074de00000|100%| E|CS|TAMS 0x000000074dc00000, 0x000000074dc00000| Complete 

Card table byte_map: [0x000001e467e90000,0x000001e468490000] _byte_map_base: 0x000001e464481000

Marking Bits (Prev, Next): (CMBitMap*) 0x000001e450749ed0, (CMBitMap*) 0x000001e450749e90
 Prev Bits: [0x000001e46ba20000, 0x000001e46e9a8000)
 Next Bits: [0x000001e468a90000, 0x000001e46ba18000)

Polling page: 0x000001e44ee60000

Metaspace:

Usage:
  Non-class:     22.94 MB used.
      Class:      3.24 MB used.
       Both:     26.19 MB used.

Virtual space:
  Non-class space:       24.00 MB reserved,      23.06 MB ( 96%) committed,  3 nodes.
      Class space:        1.00 GB reserved,       3.38 MB ( <1%) committed,  1 nodes.
              Both:        1.02 GB reserved,      26.44 MB (  3%) committed. 

Chunk freelists:
   Non-Class:  512.00 KB
       Class:  448.00 KB
        Both:  960.00 KB

MaxMetaspaceSize: 17179869184.00 GB
CompressedClassSpaceSize: 1.00 GB
 - commit_granule_bytes: 65536.
 - commit_granule_words: 8192.
 - virtual_space_node_default_size: 1048576.
 - enlarge_chunks_in_place: 1.
 - new_chunks_are_fully_committed: 0.
 - uncommit_free_chunks: 1.
 - use_allocation_guard: 0.
 - handle_deallocations: 1.


Internal statistics:

num_allocs_failed_limit: 3.
num_arena_births: 334.
num_arena_deaths: 0.
num_vsnodes_births: 4.
num_vsnodes_deaths: 0.
num_space_committed: 423.
num_space_uncommitted: 0.
num_chunks_returned_to_freelist: 3.
num_chunks_taken_from_freelist: 1279.
num_chunk_merges: 3.
num_chunk_splits: 833.
num_chunks_enlarged: 585.
num_purges: 0.

CodeHeap 'non-profiled nmethods': size=120000Kb used=2265Kb max_used=2265Kb free=117734Kb
 bounds [0x000001e45f8e0000, 0x000001e45fb50000, 0x000001e466e10000]
CodeHeap 'profiled nmethods': size=120000Kb used=9037Kb max_used=9037Kb free=110962Kb
 bounds [0x000001e4583b0000, 0x000001e458c90000, 0x000001e45f8e0000]
CodeHeap 'non-nmethods': size=5760Kb used=1212Kb max_used=1309Kb free=4547Kb
 bounds [0x000001e457e10000, 0x000001e458080000, 0x000001e4583b0000]
 total_blobs=4556 nmethods=4047 adapters=421
 compilation: enabled
              stopped_count=0, restarted_count=0
 full_count=0

Compilation events (20 events):
Event: 7.702 Thread 0x000001e46ebf9540 nmethod 4050 0x000001e458c78710 code [0x000001e458c78fc0, 0x000001e458c7e728]
Event: 7.702 Thread 0x000001e46ebf9540 4051       3       sun.nio.fs.WindowsPath::elementAsString (62 bytes)
Event: 7.702 Thread 0x000001e46ebf9540 nmethod 4051 0x000001e458c80090 code [0x000001e458c802a0, 0x000001e458c80768]
Event: 7.712 Thread 0x000001e46ebf9540 4052       3       java.lang.invoke.MemberName::isProtected (8 bytes)
Event: 7.712 Thread 0x000001e46ebf9540 nmethod 4052 0x000001e458c80a90 code [0x000001e458c80c40, 0x000001e458c80e18]
Event: 7.729 Thread 0x000001e46ebf9540 4053       3       java.lang.NamedPackage::<init> (59 bytes)
Event: 7.730 Thread 0x000001e46ebf9540 nmethod 4053 0x000001e458c80f10 code [0x000001e458c811a0, 0x000001e458c81cb8]
Event: 7.745 Thread 0x000001e46ebf9540 4056       1       java.util.ResourceBundle$CacheKey::getName (5 bytes)
Event: 7.745 Thread 0x000001e46ebf9540 nmethod 4056 0x000001e45fb07190 code [0x000001e45fb07320, 0x000001e45fb073f8]
Event: 7.750 Thread 0x000001e46ebf9540 4057       3       java.nio.ByteBuffer::flip (7 bytes)
Event: 7.750 Thread 0x000001e473656150 nmethod 4047% 0x000001e45fb07490 code [0x000001e45fb076c0, 0x000001e45fb08cf0]
Event: 7.750 Thread 0x000001e46ebf9540 nmethod 4057 0x000001e458c82090 code [0x000001e458c82240, 0x000001e458c823b8]
Event: 7.751 Thread 0x000001e46ebf9540 4058       3       java.nio.charset.CoderResult::isUnderflow (13 bytes)
Event: 7.751 Thread 0x000001e46ebf9540 nmethod 4058 0x000001e458c82490 code [0x000001e458c82620, 0x000001e458c82798]
Event: 7.751 Thread 0x000001e473656150 4054       4       java.util.concurrent.ConcurrentHashMap::get (162 bytes)
Event: 7.756 Thread 0x000001e473656150 nmethod 4054 0x000001e45fb09890 code [0x000001e45fb09a20, 0x000001e45fb09d18]
Event: 7.757 Thread 0x000001e473656150 4055       4       java.lang.ref.SoftReference::<init> (14 bytes)
Event: 7.760 Thread 0x000001e46ebf9540 4059       3       java.lang.PublicMethods::toArray (76 bytes)
Event: 7.760 Thread 0x000001e46ebf9540 nmethod 4059 0x000001e458c82810 code [0x000001e458c82a20, 0x000001e458c83358]
Event: 7.760 Thread 0x000001e473656150 nmethod 4055 0x000001e45fb09f90 code [0x000001e45fb0a120, 0x000001e45fb0a3b8]

GC Heap History (10 events):
Event: 1.368 GC heap before
{Heap before GC invocations=0 (full 0):
 garbage-first heap   total 196608K, used 20480K [0x0000000741e00000, 0x0000000800000000)
  region size 2048K, 11 young (22528K), 0 survivors (0K)
 Metaspace       used 5040K, committed 5248K, reserved 1056768K
  class space    used 520K, committed 640K, reserved 1048576K
}
Event: 1.377 GC heap after
{Heap after GC invocations=1 (full 0):
 garbage-first heap   total 196608K, used 6333K [0x0000000741e00000, 0x0000000800000000)
  region size 2048K, 2 young (4096K), 2 survivors (4096K)
 Metaspace       used 5040K, committed 5248K, reserved 1056768K
  class space    used 520K, committed 640K, reserved 1048576K
}
Event: 1.386 GC heap before
{Heap before GC invocations=1 (full 0):
 garbage-first heap   total 196608K, used 28861K [0x0000000741e00000, 0x0000000800000000)
  region size 2048K, 14 young (28672K), 2 survivors (4096K)
 Metaspace       used 5041K, committed 5248K, reserved 1056768K
  class space    used 520K, committed 640K, reserved 1048576K
}
Event: 1.391 GC heap after
{Heap after GC invocations=2 (full 0):
 garbage-first heap   total 196608K, used 5943K [0x0000000741e00000, 0x0000000800000000)
  region size 2048K, 1 young (2048K), 1 survivors (2048K)
 Metaspace       used 5041K, committed 5248K, reserved 1056768K
  class space    used 520K, committed 640K, reserved 1048576K
}
Event: 3.917 GC heap before
{Heap before GC invocations=2 (full 0):
 garbage-first heap   total 196608K, used 118583K [0x0000000741e00000, 0x0000000800000000)
  region size 2048K, 57 young (116736K), 1 survivors (2048K)
 Metaspace       used 17489K, committed 17728K, reserved 1064960K
  class space    used 2073K, committed 2176K, reserved 1048576K
}
Event: 3.930 GC heap after
{Heap after GC invocations=3 (full 0):
 garbage-first heap   total 196608K, used 11093K [0x0000000741e00000, 0x0000000800000000)
  region size 2048K, 3 young (6144K), 3 survivors (6144K)
 Metaspace       used 17489K, committed 17728K, reserved 1064960K
  class space    used 2073K, committed 2176K, reserved 1048576K
}
Event: 5.800 GC heap before
{Heap before GC invocations=3 (full 0):
 garbage-first heap   total 196608K, used 50005K [0x0000000741e00000, 0x0000000800000000)
  region size 2048K, 24 young (49152K), 3 survivors (6144K)
 Metaspace       used 20988K, committed 21248K, reserved 1073152K
  class space    used 2512K, committed 2624K, reserved 1048576K
}
Event: 5.809 GC heap after
{Heap after GC invocations=4 (full 0):
 garbage-first heap   total 196608K, used 12740K [0x0000000741e00000, 0x0000000800000000)
  region size 2048K, 4 young (8192K), 4 survivors (8192K)
 Metaspace       used 20988K, committed 21248K, reserved 1073152K
  class space    used 2512K, committed 2624K, reserved 1048576K
}
Event: 7.362 GC heap before
{Heap before GC invocations=5 (full 0):
 garbage-first heap   total 55296K, used 37316K [0x0000000741e00000, 0x0000000800000000)
  region size 2048K, 16 young (32768K), 4 survivors (8192K)
 Metaspace       used 24270K, committed 24576K, reserved 1073152K
  class space    used 2983K, committed 3136K, reserved 1048576K
}
Event: 7.369 GC heap after
{Heap after GC invocations=6 (full 0):
 garbage-first heap   total 55296K, used 14518K [0x0000000741e00000, 0x0000000800000000)
  region size 2048K, 2 young (4096K), 2 survivors (4096K)
 Metaspace       used 24270K, committed 24576K, reserved 1073152K
  class space    used 2983K, committed 3136K, reserved 1048576K
}

Deoptimization events (20 events):
Event: 7.536 Thread 0x000001e4731b4ef0 DEOPT PACKING pc=0x000001e4587dc9c6 sp=0x000000741b7fbda0
Event: 7.536 Thread 0x000001e4731b4ef0 DEOPT UNPACKING pc=0x000001e457e5dece sp=0x000000741b7fb2b0 mode 0
Event: 7.582 Thread 0x000001e4731b4ef0 DEOPT PACKING pc=0x000001e458bf5bc8 sp=0x000000741b7fb1f0
Event: 7.582 Thread 0x000001e4731b4ef0 DEOPT UNPACKING pc=0x000001e457e5dece sp=0x000000741b7fa708 mode 0
Event: 7.585 Thread 0x000001e4731b4ef0 Uncommon trap: trap_request=0xffffffde fr.pc=0x000001e45fa9bb58 relative=0x0000000000003478
Event: 7.585 Thread 0x000001e4731b4ef0 Uncommon trap: reason=class_check action=maybe_recompile pc=0x000001e45fa9bb58 method=org.springframework.core.ResolvableType.resolveType()Lorg/springframework/core/ResolvableType; @ 101 c2
Event: 7.585 Thread 0x000001e4731b4ef0 DEOPT PACKING pc=0x000001e45fa9bb58 sp=0x000000741b7fbc20
Event: 7.585 Thread 0x000001e4731b4ef0 DEOPT UNPACKING pc=0x000001e457e5d72e sp=0x000000741b7fbc38 mode 2
Event: 7.595 Thread 0x000001e4731b4ef0 Uncommon trap: trap_request=0xffffff45 fr.pc=0x000001e45f99f36c relative=0x000000000000032c
Event: 7.595 Thread 0x000001e4731b4ef0 Uncommon trap: reason=unstable_if action=reinterpret pc=0x000001e45f99f36c method=java.util.LinkedHashMap.get(Ljava/lang/Object;)Ljava/lang/Object; @ 16 c2
Event: 7.595 Thread 0x000001e4731b4ef0 DEOPT PACKING pc=0x000001e45f99f36c sp=0x000000741b7fd640
Event: 7.595 Thread 0x000001e4731b4ef0 DEOPT UNPACKING pc=0x000001e457e5d72e sp=0x000000741b7fd5f8 mode 2
Event: 7.614 Thread 0x000001e4731b4ef0 Uncommon trap: trap_request=0xffffff45 fr.pc=0x000001e45fa0a73c relative=0x0000000000000e3c
Event: 7.614 Thread 0x000001e4731b4ef0 Uncommon trap: reason=unstable_if action=reinterpret pc=0x000001e45fa0a73c method=sun.nio.fs.WindowsPathParser.normalize(Ljava/lang/StringBuilder;Ljava/lang/String;I)Ljava/lang/String; @ 100 c2
Event: 7.614 Thread 0x000001e4731b4ef0 DEOPT PACKING pc=0x000001e45fa0a73c sp=0x000000741b7fd140
Event: 7.614 Thread 0x000001e4731b4ef0 DEOPT UNPACKING pc=0x000001e457e5d72e sp=0x000000741b7fd130 mode 2
Event: 7.667 Thread 0x000001e4731b4ef0 DEOPT PACKING pc=0x000001e45843b0b1 sp=0x000000741b7fd430
Event: 7.667 Thread 0x000001e4731b4ef0 DEOPT UNPACKING pc=0x000001e457e5dece sp=0x000000741b7fc888 mode 0
Event: 7.728 Thread 0x000001e4731b4ef0 DEOPT PACKING pc=0x000001e458bf5bc8 sp=0x000000741b7fb500
Event: 7.728 Thread 0x000001e4731b4ef0 DEOPT UNPACKING pc=0x000001e457e5dece sp=0x000000741b7faa18 mode 0

Classes unloaded (0 events):
No events

Classes redefined (0 events):
No events

Internal exceptions (20 events):
Event: 7.249 Thread 0x000001e4731b4ef0 Exception <a 'java/lang/ClassNotFoundException'{0x0000000743702a18}: org/springframework/beans/factory/AwareCustomizer> (0x0000000743702a18) 
thrown [t:\workspace\open\src\hotspot\share\classfile\systemDictionary.cpp, line 256]
Event: 7.249 Thread 0x000001e4731b4ef0 Exception <a 'java/lang/ClassNotFoundException'{0x00000007437062b8}: org/springframework/core/OrderedCustomizer> (0x00000007437062b8) 
thrown [t:\workspace\open\src\hotspot\share\classfile\systemDictionary.cpp, line 256]
Event: 7.249 Thread 0x000001e4731b4ef0 Exception <a 'java/lang/ClassNotFoundException'{0x000000074370ab00}: org/springframework/beans/factory/BeanClassLoaderAwareCustomizer> (0x000000074370ab00) 
thrown [t:\workspace\open\src\hotspot\share\classfile\systemDictionary.cpp, line 256]
Event: 7.250 Thread 0x000001e4731b4ef0 Exception <a 'java/lang/ClassNotFoundException'{0x000000074370f3d0}: org/springframework/beans/factory/AwareCustomizer> (0x000000074370f3d0) 
thrown [t:\workspace\open\src\hotspot\share\classfile\systemDictionary.cpp, line 256]
Event: 7.250 Thread 0x000001e4731b4ef0 Exception <a 'java/lang/ClassNotFoundException'{0x0000000743713110}: org/springframework/aop/framework/AopInfrastructureBeanCustomizer> (0x0000000743713110) 
thrown [t:\workspace\open\src\hotspot\share\classfile\systemDictionary.cpp, line 256]
Event: 7.287 Thread 0x000001e4731b4ef0 Exception <a 'java/lang/ClassNotFoundException'{0x00000007434064a8}: java/lang/ObjectCustomizer> (0x00000007434064a8) 
thrown [t:\workspace\open\src\hotspot\share\classfile\systemDictionary.cpp, line 256]
Event: 7.288 Thread 0x000001e4731b4ef0 Exception <a 'java/lang/ClassNotFoundException'{0x000000074340e788}: org/springframework/transaction/annotation/AbstractTransactionManagementConfigurationCustomizer> (0x000000074340e788) 
thrown [t:\workspace\open\src\hotspot\share\classfile\systemDictionary.cpp, line 256]
Event: 7.289 Thread 0x000001e4731b4ef0 Exception <a 'java/lang/ClassNotFoundException'{0x0000000743415598}: org/springframework/transaction/annotation/ProxyTransactionManagementConfigurationCustomizer> (0x0000000743415598) 
thrown [t:\workspace\open\src\hotspot\share\classfile\systemDictionary.cpp, line 256]
Event: 7.290 Thread 0x000001e4731b4ef0 Exception <a 'java/lang/ClassNotFoundException'{0x000000074341d9f8}: org/springframework/context/annotation/ImportAwareCustomizer> (0x000000074341d9f8) 
thrown [t:\workspace\open\src\hotspot\share\classfile\systemDictionary.cpp, line 256]
Event: 7.291 Thread 0x000001e4731b4ef0 Exception <a 'java/lang/ClassNotFoundException'{0x0000000743422ed0}: org/springframework/beans/factory/AwareCustomizer> (0x0000000743422ed0) 
thrown [t:\workspace\open\src\hotspot\share\classfile\systemDictionary.cpp, line 256]
Event: 7.371 Thread 0x000001e4731b4ef0 Exception <a 'java/lang/NoSuchMethodError'{0x000000074dc09570}: 'java.lang.Object java.lang.invoke.DirectMethodHandle$Holder.invokeSpecialIFC(java.lang.Object, java.lang.Object, java.lang.Object)'> (0x000000074dc09570) 
thrown [t:\workspace\open\src\hotspot\share\interpreter\linkResolver.cpp, line 790]
Event: 7.422 Thread 0x000001e4731b4ef0 Exception <a 'java/lang/NoSuchMethodError'{0x000000074dd455f8}: 'int java.lang.invoke.DirectMethodHandle$Holder.invokeSpecial(java.lang.Object, java.lang.Object, java.lang.Object, java.lang.Object, java.lang.Object)'> (0x000000074dd455f8) 
thrown [t:\workspace\open\src\hotspot\share\interpreter\linkResolver.cpp, line 790]
Event: 7.491 Thread 0x000001e4731b4ef0 Implicit null exception at 0x000001e45fa6d960 to 0x000001e45fa6dbd0
Event: 7.510 Thread 0x000001e4731b4ef0 Exception <a 'java/lang/NoSuchMethodError'{0x000000074b0936f0}: 'void java.lang.invoke.DirectMethodHandle$Holder.invokeInterface(java.lang.Object, java.lang.Object, int)'> (0x000000074b0936f0) 
thrown [t:\workspace\open\src\hotspot\share\interpreter\linkResolver.cpp, line 790]
Event: 7.513 Thread 0x000001e4731b4ef0 Exception <a 'java/lang/NoSuchMethodError'{0x000000074b0ae340}: 'int java.lang.invoke.DirectMethodHandle$Holder.invokeVirtual(java.lang.Object, java.lang.Object)'> (0x000000074b0ae340) 
thrown [t:\workspace\open\src\hotspot\share\interpreter\linkResolver.cpp, line 790]
Event: 7.521 Thread 0x000001e4731b4ef0 Exception <a 'java/lang/IncompatibleClassChangeError'{0x000000074b0e9928}: Found class java.lang.Object, but interface was expected> (0x000000074b0e9928) 
thrown [t:\workspace\open\src\hotspot\share\interpreter\linkResolver.cpp, line 857]
Event: 7.521 Thread 0x000001e4731b4ef0 Exception <a 'java/lang/NoSuchMethodError'{0x000000074b0eed60}: 'void java.lang.invoke.DirectMethodHandle$Holder.invokeStatic(java.lang.Object, int, java.lang.Object)'> (0x000000074b0eed60) 
thrown [t:\workspace\open\src\hotspot\share\interpreter\linkResolver.cpp, line 790]
Event: 7.526 Thread 0x000001e4731b4ef0 Exception <a 'java/lang/NoSuchMethodError'{0x000000074b11fc40}: 'int java.lang.invoke.DirectMethodHandle$Holder.invokeSpecial(java.lang.Object, java.lang.Object, int)'> (0x000000074b11fc40) 
thrown [t:\workspace\open\src\hotspot\share\interpreter\linkResolver.cpp, line 790]
Event: 7.617 Thread 0x000001e4731b4ef0 Exception <a 'java/lang/NoSuchMethodError'{0x000000074acde668}: 'java.lang.Object java.lang.invoke.DirectMethodHandle$Holder.invokeStaticInit(java.lang.Object, int, int, int, int)'> (0x000000074acde668) 
thrown [t:\workspace\open\src\hotspot\share\interpreter\linkResolver.cpp, line 790]
Event: 7.665 Thread 0x000001e4731b4ef0 Exception <a 'java/lang/NoSuchMethodError'{0x000000074ad26a98}: 'java.lang.Object java.lang.invoke.DirectMethodHandle$Holder.invokeStaticInit(java.lang.Object, java.lang.Object, int, int, int, int)'> (0x000000074ad26a98) 
thrown [t:\workspace\open\src\hotspot\share\interpreter\linkResolver.cpp, line 790]

Events (20 events):
Event: 7.719 loading class javax/management/NotificationFilter
Event: 7.719 loading class javax/management/NotificationFilter done
Event: 7.719 loading class javax/management/Notification
Event: 7.720 loading class javax/management/Notification done
Event: 7.720 loading class javax/management/AttributeChangeNotification
Event: 7.720 loading class javax/management/AttributeChangeNotification done
Event: 7.727 loading class java/beans/PropertyChangeSupport
Event: 7.727 loading class java/beans/PropertyChangeSupport done
Event: 7.727 loading class java/beans/PropertyChangeSupport$PropertyChangeListenerMap
Event: 7.727 loading class java/beans/ChangeListenerMap
Event: 7.727 loading class java/beans/ChangeListenerMap done
Event: 7.727 loading class java/beans/PropertyChangeSupport$PropertyChangeListenerMap done
Event: 7.727 loading class java/beans/PropertyChangeListener
Event: 7.728 loading class java/beans/PropertyChangeListener done
Event: 7.747 loading class java/beans/PropertyChangeEvent
Event: 7.747 loading class java/beans/PropertyChangeEvent done
Event: 7.755 loading class javax/management/ObjectName
Event: 7.755 loading class javax/management/QueryExp
Event: 7.756 loading class javax/management/QueryExp done
Event: 7.756 loading class javax/management/ObjectName done


Dynamic libraries:
0x00007ff63b630000 - 0x00007ff63b640000 	C:\Program Files\Java\jdk-16.0.1\bin\javaw.exe
0x00007ff90cbc0000 - 0x00007ff90cdb0000 	C:\Windows\SYSTEM32\ntdll.dll
0x00007ff90b810000 - 0x00007ff90b8c2000 	C:\Windows\System32\KERNEL32.DLL
0x00007ff909be0000 - 0x00007ff909e85000 	C:\Windows\System32\KERNELBASE.dll
0x00007ff909e90000 - 0x00007ff909f8a000 	C:\Windows\System32\ucrtbase.dll
0x00007ff9039e0000 - 0x00007ff9039f8000 	C:\Program Files\Java\jdk-16.0.1\bin\jli.dll
0x00007ff900790000 - 0x00007ff9007a9000 	C:\Program Files\Java\jdk-16.0.1\bin\VCRUNTIME140.dll
0x00007ff90c570000 - 0x00007ff90c613000 	C:\Windows\System32\ADVAPI32.dll
0x00007ff90b350000 - 0x00007ff90b3ee000 	C:\Windows\System32\msvcrt.dll
0x00007ff90b5c0000 - 0x00007ff90b657000 	C:\Windows\System32\sechost.dll
0x00007ff90b660000 - 0x00007ff90b77f000 	C:\Windows\System32\RPCRT4.dll
0x00007ff90c850000 - 0x00007ff90c9e4000 	C:\Windows\System32\USER32.dll
0x00007ff90ac40000 - 0x00007ff90ac61000 	C:\Windows\System32\win32u.dll
0x00007ff90b460000 - 0x00007ff90b486000 	C:\Windows\System32\GDI32.dll
0x00007ff90a110000 - 0x00007ff90a2a8000 	C:\Windows\System32\gdi32full.dll
0x00007ff8e95b0000 - 0x00007ff8e9834000 	C:\Windows\WinSxS\amd64_microsoft.windows.common-controls_6595b64144ccf1df_6.0.18362.1556_none_9e7e372fe45e41d5\COMCTL32.dll
0x00007ff909f90000 - 0x00007ff90a02e000 	C:\Windows\System32\msvcp_win.dll
0x00007ff90ade0000 - 0x00007ff90b116000 	C:\Windows\System32\combase.dll
0x00007ff90a080000 - 0x00007ff90a101000 	C:\Windows\System32\bcryptPrimitives.dll
0x00007ff909750000 - 0x00007ff90975a000 	C:\Windows\SYSTEM32\VERSION.dll
0x00007ff90ac70000 - 0x00007ff90ac9e000 	C:\Windows\System32\IMM32.DLL
0x00007ff909760000 - 0x00007ff909857000 	C:\Windows\system32\guard64.dll
0x00007ff90c6f0000 - 0x00007ff90c847000 	C:\Windows\System32\ole32.dll
0x00007ff909740000 - 0x00007ff90974a000 	C:\Windows\system32\fltlib.dll
0x00007ff8ffe90000 - 0x00007ff8ffe9c000 	C:\Program Files\Java\jdk-16.0.1\bin\vcruntime140_1.dll
0x00007ff8fc310000 - 0x00007ff8fc3a1000 	C:\Program Files\Java\jdk-16.0.1\bin\msvcp140.dll
0x00007ff8bc240000 - 0x00007ff8bcdeb000 	C:\Program Files\Java\jdk-16.0.1\bin\server\jvm.dll
0x00007ff90b3f0000 - 0x00007ff90b3f8000 	C:\Windows\System32\PSAPI.DLL
0x00007ff8f51b0000 - 0x00007ff8f51b9000 	C:\Windows\SYSTEM32\WSOCK32.dll
0x00007ff90cb10000 - 0x00007ff90cb7f000 	C:\Windows\System32\WS2_32.dll
0x00007ff9076f0000 - 0x00007ff907714000 	C:\Windows\SYSTEM32\WINMM.dll
0x00007ff9076c0000 - 0x00007ff9076ed000 	C:\Windows\SYSTEM32\WINMMBASE.dll
0x00007ff909b90000 - 0x00007ff909bda000 	C:\Windows\System32\cfgmgr32.dll
0x00007ff909a80000 - 0x00007ff909a91000 	C:\Windows\System32\kernel.appcore.dll
0x00007ff8ffe80000 - 0x00007ff8ffe8a000 	C:\Program Files\Java\jdk-16.0.1\bin\jimage.dll
0x00007ff9082c0000 - 0x00007ff9084b4000 	C:\Windows\SYSTEM32\DBGHELP.DLL
0x00007ff8f7af0000 - 0x00007ff8f7b1a000 	C:\Windows\SYSTEM32\dbgcore.DLL
0x00007ff8fc890000 - 0x00007ff8fc8b5000 	C:\Program Files\Java\jdk-16.0.1\bin\java.dll
0x00007ff90b940000 - 0x00007ff90c027000 	C:\Windows\System32\SHELL32.dll
0x00007ff90b490000 - 0x00007ff90b538000 	C:\Windows\System32\shcore.dll
0x00007ff90a2b0000 - 0x00007ff90aa2b000 	C:\Windows\System32\windows.storage.dll
0x00007ff909af0000 - 0x00007ff909b0e000 	C:\Windows\System32\profapi.dll
0x00007ff909aa0000 - 0x00007ff909aea000 	C:\Windows\System32\powrprof.dll
0x00007ff909a70000 - 0x00007ff909a80000 	C:\Windows\System32\UMPDC.dll
0x00007ff90b400000 - 0x00007ff90b452000 	C:\Windows\System32\shlwapi.dll
0x00007ff90a060000 - 0x00007ff90a077000 	C:\Windows\System32\cryptsp.dll
0x00007ff8fc850000 - 0x00007ff8fc869000 	C:\Program Files\Java\jdk-16.0.1\bin\net.dll
0x00007ff9016d0000 - 0x00007ff9017ca000 	C:\Windows\SYSTEM32\WINHTTP.dll
0x00007ff909140000 - 0x00007ff9091a7000 	C:\Windows\system32\mswsock.dll
0x00007ff8fc2f0000 - 0x00007ff8fc303000 	C:\Program Files\Java\jdk-16.0.1\bin\nio.dll
0x00007ff8fc870000 - 0x00007ff8fc888000 	C:\Program Files\Java\jdk-16.0.1\bin\zip.dll
0x00007ff8ffe30000 - 0x00007ff8ffe40000 	C:\Program Files\Java\jdk-16.0.1\bin\verify.dll
0x00007ff9025c0000 - 0x00007ff9025c9000 	C:\Program Files\Java\jdk-16.0.1\bin\management.dll
0x00007ff8ffe10000 - 0x00007ff8ffe1b000 	C:\Program Files\Java\jdk-16.0.1\bin\management_ext.dll
0x00007ff8db980000 - 0x00007ff8db996000 	C:\Windows\system32\napinsp.dll
0x00007ff8db960000 - 0x00007ff8db97a000 	C:\Windows\system32\pnrpnsp.dll
0x00007ff8db940000 - 0x00007ff8db955000 	C:\Windows\system32\wshbth.dll
0x00007ff905ed0000 - 0x00007ff905eec000 	C:\Windows\system32\NLAapi.dll
0x00007ff908e60000 - 0x00007ff908e9a000 	C:\Windows\SYSTEM32\IPHLPAPI.DLL
0x00007ff908eb0000 - 0x00007ff908f7b000 	C:\Windows\SYSTEM32\DNSAPI.dll
0x00007ff90ca50000 - 0x00007ff90ca58000 	C:\Windows\System32\NSI.dll
0x00007ff8ebe40000 - 0x00007ff8ebe4e000 	C:\Windows\System32\winrnr.dll
0x00007ff902930000 - 0x00007ff90293a000 	C:\Windows\System32\rasadhlp.dll
0x00007ff9038e0000 - 0x00007ff903957000 	C:\Windows\System32\fwpuclnt.dll
0x00007ff90a030000 - 0x00007ff90a056000 	C:\Windows\System32\bcrypt.dll
0x00007ff908cd0000 - 0x00007ff908d03000 	C:\Windows\system32\rsaenh.dll
0x00007ff909990000 - 0x00007ff9099b5000 	C:\Windows\SYSTEM32\USERENV.dll
0x00007ff9092c0000 - 0x00007ff9092cc000 	C:\Windows\SYSTEM32\CRYPTBASE.dll
0x00007ff9041c0000 - 0x00007ff9041d6000 	C:\Windows\SYSTEM32\dhcpcsvc6.DLL
0x00007ff9041a0000 - 0x00007ff9041bc000 	C:\Windows\SYSTEM32\dhcpcsvc.DLL

dbghelp: loaded successfully - version: 4.0.5 - missing functions: none
symbol engine: initialized successfully - sym options: 0x614 - pdb path: .;C:\Program Files\Java\jdk-16.0.1\bin;C:\Windows\SYSTEM32;C:\Windows\WinSxS\amd64_microsoft.windows.common-controls_6595b64144ccf1df_6.0.18362.1556_none_9e7e372fe45e41d5;C:\Program Files\Java\jdk-16.0.1\bin\server

VM Arguments:
jvm_args: -Dfile.encoding=UTF-8 -XX:+ShowCodeDetailsInExceptionMessages 
java_command: HRMSProject.HRMS.HrmsApplication
java_class_path (initial): C:\Users\Enes\git\repository3\HRMS\target\classes;C:\Users\Enes\.p2\pool\plugins\org.apache.axis_1.4.0.v201411182030\lib\axis.jar;C:\Users\Enes\.p2\pool\plugins\org.apache.commons.discovery_0.2.0.v201004190315\lib\commons-discovery-0.2.jar;C:\Users\Enes\.p2\pool\plugins\javax.xml.rpc_1.1.0.v201209140446\lib\jaxrpc.jar;C:\Users\Enes\.p2\pool\plugins\javax.xml.soap_1.2.0.v201005080501\lib\saaj.jar;C:\Users\Enes\.p2\pool\plugins\javax.wsdl_1.6.2.v201012040545.jar;C:\Users\Enes\.p2\pool\plugins\org.apache.commons.logging_1.2.0.v20180409-1502.jar;C:\Users\Enes\.m2\repository\org\springframework\boot\spring-boot-starter-data-jpa\2.5.0\spring-boot-starter-data-jpa-2.5.0.jar;C:\Users\Enes\.m2\repository\org\springframework\boot\spring-boot-starter-aop\2.5.0\spring-boot-starter-aop-2.5.0.jar;C:\Users\Enes\.m2\repository\org\springframework\spring-aop\5.3.7\spring-aop-5.3.7.jar;C:\Users\Enes\.m2\repository\org\aspectj\aspectjweaver\1.9.6\aspectjweaver-1.9.6.jar;C:\Users\Enes\.m2\repository\org\springframework\boot\spring-boot-starter-jdbc\2.5.0\spring-boot-starter-jdbc-2.5.0.jar;C:\Users\Enes\.m2\repository\com\zaxxer\HikariCP\4.0.3\HikariCP-4.0.3.jar;C:\Users\Enes\.m2\repository\org\springframework\spring-jdbc\5.3.7\spring-jdbc-5.3.7.jar;C:\Users\Enes\.m2\repository\jakarta\transaction\jakarta.transaction-api\1.3.3\jakarta.transaction-api-1.3.3.jar;C:\Users\Enes\.m2\repository\jakarta\persistence\jakarta.persistence-api\2.2.3\jakarta.persistence-api-2.2.3.jar;C:\Users\Enes\.m2\repository\org\hibernate\hibernate-core\5.4.31.Final\hibernate-core-5.4.31.Final.jar;C:\Users\Enes\.m2\repository\org\jboss\logging\jboss-logging\3.4.1.Final\jboss-logging-3.4.1.Final.jar;C:\Users\Enes\.m2\repository\org\javassist\javassist\3.27.0-GA\javassist-3.27.0-GA.jar;C:\Users\Enes\.m2\repository\net\bytebuddy\byte-buddy\1.10.22\byte-buddy-1.10.22.jar;C:\Users\Enes\.m2\repository\antlr\antlr\2.7.7\antlr-2.7.7.jar;C:\Users\Enes\.m2\repository\org\jboss\jandex\2.2.3.Fin
Launcher Type: SUN_STANDARD

[Global flags]
     intx CICompilerCount                          = 4                                         {product} {ergonomic}
     uint ConcGCThreads                            = 2                                         {product} {ergonomic}
     uint G1ConcRefinementThreads                  = 8                                         {product} {ergonomic}
   size_t G1HeapRegionSize                         = 2097152                                   {product} {ergonomic}
    uintx GCDrainStackTargetSize                   = 64                                        {product} {ergonomic}
   size_t InitialHeapSize                          = 201326592                                 {product} {ergonomic}
   size_t MarkStackSize                            = 4194304                                   {product} {ergonomic}
   size_t MaxHeapSize                              = 3189768192                                {product} {ergonomic}
   size_t MaxNewSize                               = 1912602624                                {product} {ergonomic}
   size_t MinHeapDeltaBytes                        = 2097152                                   {product} {ergonomic}
   size_t MinHeapSize                              = 8388608                                   {product} {ergonomic}
    uintx NonNMethodCodeHeapSize                   = 5839372                                {pd product} {ergonomic}
    uintx NonProfiledCodeHeapSize                  = 122909434                              {pd product} {ergonomic}
    uintx ProfiledCodeHeapSize                     = 122909434                              {pd product} {ergonomic}
    uintx ReservedCodeCacheSize                    = 251658240                              {pd product} {ergonomic}
     bool SegmentedCodeCache                       = true                                      {product} {ergonomic}
     bool ShowCodeDetailsInExceptionMessages       = true                                   {manageable} {command line}
   size_t SoftMaxHeapSize                          = 3189768192                             {manageable} {ergonomic}
     bool UseCompressedClassPointers               = true                           {product lp64_product} {ergonomic}
     bool UseCompressedOops                        = true                           {product lp64_product} {ergonomic}
     bool UseG1GC                                  = true                                      {product} {ergonomic}
     bool UseLargePagesIndividualAllocation        = false                                  {pd product} {ergonomic}

Logging:
Log output configuration:
 #0: stdout all=warning uptime,level,tags
 #1: stderr all=off uptime,level,tags

Environment Variables:
JAVA_HOME=C:\Program Files\Android\Jdk\microsoft_dist_openjdk_1.8.0.25
PATH=C:\Program Files\Common Files\Oracle\Java\javapath;C:\Program Files (x86)\Common Files\Oracle\Java\javapath;C:\Windows\system32;C:\Windows;C:\Windows\System32\Wbem;C:\Windows\System32\WindowsPowerShell\v1.0\;C:\Windows\System32\OpenSSH\;C:\Program Files\Microsoft SQL Server\130\Tools\Binn\;C:\Program Files\Microsoft SQL Server\Client SDK\ODBC\170\Tools\Binn\;C:\Program Files (x86)\Microsoft SQL Server\150\DTS\Binn\;C:\Program Files (x86)\Microsoft SQL Server\150\Tools\Binn\;C:\Program Files\Microsoft SQL Server\150\Tools\Binn\;C:\Program Files\Microsoft SQL Server\150\DTS\Binn\;C:\Program Files (x86)\NVIDIA Corporation\PhysX\Common;C:\Program Files\nodejs\;C:\Program Files\Git\cmd;C:\Users\Enes\AppData\Roaming\Microsoft\Windows\Start Menu\Programs\Python 3.9;C:\Users\Enes\AppData\Local\Microsoft\WindowsApps;C:\Program Files\Polyspace\R2020c\runtime\win64;C:\Program Files\Polyspace\R2020c\bin;C:\Program Files\Polyspace\R2020c\polyspace\bin;C:\Program Files\dotnet\;C:\Program Files\Seq\;C:\Program Files\Seq\Client\;C:\Users\Enes\AppData\Local\Microsoft\WindowsApps;C:\Users\Enes\AppData\Local\GitHubDesktop\bin;C:\Users\Enes\AppData\Local\Programs\Microsoft VS Code\bin;C:\MinGW\bin;C:\src\flutter\bin;C:\Users\Enes\AppData\Roaming\npm;C:\Users\Enes\.dotnet\tools
USERNAME=Enes
OS=Windows_NT
PROCESSOR_IDENTIFIER=Intel64 Family 6 Model 142 Stepping 10, GenuineIntel



---------------  S Y S T E M  ---------------

OS:
 Windows 10 , 64 bit Build 18362 (10.0.18362.1500)
OS uptime: 11 days 4:10 hours
Hyper-V role detected

CPU: total 8 (initial active 8) (4 cores per cpu, 2 threads per core) family 6 model 142 stepping 10 microcode 0xb4, cx8, cmov, fxsr, ht, mmx, 3dnowpref, sse, sse2, sse3, ssse3, sse4.1, sse4.2, popcnt, lzcnt, tsc, tscinvbit, avx, avx2, aes, erms, clmul, bmi1, bmi2, adx, fma, vzeroupper, clflush, clflushopt, hv

Memory: 4k page, system-wide physical 12162M (4959M free)
TotalPageFile size 15163M (AvailPageFile size 4045M)
current process WorkingSet (physical memory assigned to process): 173M, peak: 240M
current process commit charge ("private bytes"): 221M, peak: 356M

vm_info: Java HotSpot(TM) 64-Bit Server VM (16.0.1+9-24) for windows-amd64 JRE (16.0.1+9-24), built on Mar 26 2021 19:31:42 by "mach5one" with MS VC++ 16.7 (VS2019)

END.
